
=== Tue Sep 18 14:23:13 2018

Packages were changed.
Update Mode: updateDependencies

The following packages were added:
  com.unity.collab-proxy@1.2.9
The following packages were updated:
  com.unity.analytics from version 2.0.16 to 3.0.9
  com.unity.package-manager-ui from version 1.9.11 to 2.0.0-preview.7
  com.unity.shadergraph from version 3.0.0-preview to 3.3.0-preview
  com.unity.textmeshpro from version 1.2.4 to 1.3.0

=== Mon Oct 29 09:01:15 2018

Packages were changed.
Update Mode: updateDependencies

The following packages were updated:
  com.unity.collab-proxy from version 1.2.9 to 1.2.11
  com.unity.package-manager-ui from version 2.0.0-preview.7 to 2.0.2

=== Tue Nov 13 11:29:54 2018

Packages were changed.
Update Mode: updateDependencies

The following packages were updated:
  com.unity.package-manager-ui from version 2.0.2 to 2.0.3

=== Sun Jan  6 10:40:43 2019

Packages were changed.
Update Mode: updateDependencies

The following packages were updated:
  com.unity.ads from version 2.0.8 to 2.3.1
  com.unity.analytics from version 3.0.9 to 3.2.2
  com.unity.collab-proxy from version 1.2.11 to 1.2.15
  com.unity.shadergraph from version 3.3.0-preview to 4.1.0-preview

=== Fri Jun 21 09:39:15 2019

Packages were changed.
Update Mode: updateDependencies

The following packages were added:
  com.unity.timeline@1.0.0
  com.unity.multiplayer-hlapi@1.0.2
  com.unity.xr.legacyinputhelpers@2.0.2
The following packages were updated:
  com.unity.analytics from version 3.2.2 to 3.3.2
  com.unity.cinemachine from version 2.2.7 to 2.3.3
  com.unity.collab-proxy from version 1.2.15 to 1.2.16
  com.unity.package-manager-ui from version 2.0.3 to 2.1.2
  com.unity.purchasing from version 2.0.3 to 2.0.6
  com.unity.shadergraph from version 4.1.0-preview to 5.7.2
  com.unity.textmeshpro from version 1.3.0 to 2.0.1
